This is pdfTeX, Version 3.1415926-1.40.11 (TeX Live 2010) (format=pdflatex 2010.7.21)  3 AUG 2015 21:57
entering extended mode
 restricted \write18 enabled.
 %&-line parsing enabled.
**Paper.tex
(./Paper.tex
LaTeX2e <2009/09/24>
Babel <v3.8l> and hyphenation patterns for english, dumylang, nohyphenation, ge
rman-x-2009-06-19, ngerman-x-2009-06-19, ancientgreek, ibycus, arabic, armenian
, basque, bulgarian, catalan, pinyin, coptic, croatian, czech, danish, dutch, u
kenglish, usenglishmax, esperanto, estonian, farsi, finnish, french, galician, 
german, ngerman, swissgerman, monogreek, greek, hungarian, icelandic, assamese,
 bengali, gujarati, hindi, kannada, malayalam, marathi, oriya, panjabi, tamil, 
telugu, indonesian, interlingua, irish, italian, kurmanji, lao, latin, latvian,
 lithuanian, mongolian, mongolianlmc, bokmal, nynorsk, polish, portuguese, roma
nian, russian, sanskrit, serbian, slovak, slovenian, spanish, swedish, turkish,
 turkmen, ukrainian, uppersorbian, welsh, loaded.
(/Library/Frameworks/R.framework/Resources/share/texmf/tex/latex/jss.cls
Document Class: jss 2013/09/05 2.3 jss class by Achim Zeileis
(/usr/local/texlive/2010/texmf-dist/tex/latex/base/article.cls
Document Class: article 2007/10/19 v1.4h Standard LaTeX document class
(/usr/local/texlive/2010/texmf-dist/tex/latex/base/size11.clo
File: size11.clo 2007/10/19 v1.4h Standard LaTeX file (size option)
)
\c@part=\count79
\c@section=\count80
\c@subsection=\count81
\c@subsubsection=\count82
\c@paragraph=\count83
\c@subparagraph=\count84
\c@figure=\count85
\c@table=\count86
\abovecaptionskip=\skip41
\belowcaptionskip=\skip42
\bibindent=\dimen102
)
(/usr/local/texlive/2010/texmf-dist/tex/latex/graphics/graphicx.sty
Package: graphicx 1999/02/16 v1.0f Enhanced LaTeX Graphics (DPC,SPQR)

(/usr/local/texlive/2010/texmf-dist/tex/latex/graphics/keyval.sty
Package: keyval 1999/03/16 v1.13 key=value parser (DPC)
\KV@toks@=\toks14
)
(/usr/local/texlive/2010/texmf-dist/tex/latex/graphics/graphics.sty
Package: graphics 2009/02/05 v1.0o Standard LaTeX Graphics (DPC,SPQR)

(/usr/local/texlive/2010/texmf-dist/tex/latex/graphics/trig.sty
Package: trig 1999/03/16 v1.09 sin cos tan (DPC)
)
(/usr/local/texlive/2010/texmf-dist/tex/latex/latexconfig/graphics.cfg
File: graphics.cfg 2010/04/23 v1.9 graphics configuration of TeX Live
)
Package graphics Info: Driver file: pdftex.def on input line 91.

(/usr/local/texlive/2010/texmf-dist/tex/latex/pdftex-def/pdftex.def
File: pdftex.def 2010/02/14 v0.04n Graphics/color for pdfTeX
\Gread@gobject=\count87
))
\Gin@req@height=\dimen103
\Gin@req@width=\dimen104
)
(/usr/local/texlive/2010/texmf-dist/tex/latex/graphics/color.sty
Package: color 2005/11/14 v1.0j Standard LaTeX Color (DPC)

(/usr/local/texlive/2010/texmf-dist/tex/latex/latexconfig/color.cfg
File: color.cfg 2007/01/18 v1.5 color configuration of teTeX/TeXLive
)
Package color Info: Driver file: pdftex.def on input line 130.
)
(/usr/local/texlive/2010/texmf-dist/tex/latex/ae/ae.sty
Package: ae 2001/02/12 1.3 Almost European Computer Modern

(/usr/local/texlive/2010/texmf-dist/tex/latex/base/fontenc.sty
Package: fontenc 2005/09/27 v1.99g Standard LaTeX package

(/usr/local/texlive/2010/texmf-dist/tex/latex/base/t1enc.def
File: t1enc.def 2005/09/27 v1.99g Standard LaTeX file
LaTeX Font Info:    Redeclaring font encoding T1 on input line 43.
)
LaTeX Font Info:    Try loading font information for T1+aer on input line 100.

(/usr/local/texlive/2010/texmf-dist/tex/latex/ae/t1aer.fd
File: t1aer.fd 1997/11/16 Font definitions for T1/aer.
)))
(/usr/local/texlive/2010/texmf-dist/tex/latex/fancyvrb/fancyvrb.sty
Package: fancyvrb 2008/02/07

Style option: `fancyvrb' v2.7a, with DG/SPQR fixes, and firstline=lastline fix 
<2008/02/07> (tvz)
\FV@CodeLineNo=\count88
\FV@InFile=\read1
\FV@TabBox=\box26
\c@FancyVerbLine=\count89
\FV@StepNumber=\count90
\FV@OutFile=\write3
)
(/usr/local/texlive/2010/texmf-dist/tex/latex/base/fontenc.sty
Package: fontenc 2005/09/27 v1.99g Standard LaTeX package

(/usr/local/texlive/2010/texmf-dist/tex/latex/base/t1enc.def
File: t1enc.def 2005/09/27 v1.99g Standard LaTeX file
LaTeX Font Info:    Redeclaring font encoding T1 on input line 43.
))
(/usr/local/texlive/2010/texmf-dist/tex/latex/upquote/upquote.sty
Package: upquote 2003/08/11 v1.1 Covington's upright-quote modification to verb
atim and verb

(/usr/local/texlive/2010/texmf-dist/tex/latex/base/textcomp.sty
Package: textcomp 2005/09/27 v1.99g Standard LaTeX package
Package textcomp Info: Sub-encoding information:
(textcomp)               5 = only ISO-Adobe without \textcurrency
(textcomp)               4 = 5 + \texteuro
(textcomp)               3 = 4 + \textohm
(textcomp)               2 = 3 + \textestimated + \textcurrency
(textcomp)               1 = TS1 - \textcircled - \t
(textcomp)               0 = TS1 (full)
(textcomp)             Font families with sub-encoding setting implement
(textcomp)             only a restricted character set as indicated.
(textcomp)             Family '?' is the default used for unknown fonts.
(textcomp)             See the documentation for details.
Package textcomp Info: Setting ? sub-encoding to TS1/1 on input line 71.

(/usr/local/texlive/2010/texmf-dist/tex/latex/base/ts1enc.def
File: ts1enc.def 2001/06/05 v3.0e (jk/car/fm) Standard LaTeX file
)
LaTeX Info: Redefining \oldstylenums on input line 266.
Package textcomp Info: Setting cmr sub-encoding to TS1/0 on input line 281.
Package textcomp Info: Setting cmss sub-encoding to TS1/0 on input line 282.
Package textcomp Info: Setting cmtt sub-encoding to TS1/0 on input line 283.
Package textcomp Info: Setting cmvtt sub-encoding to TS1/0 on input line 284.
Package textcomp Info: Setting cmbr sub-encoding to TS1/0 on input line 285.
Package textcomp Info: Setting cmtl sub-encoding to TS1/0 on input line 286.
Package textcomp Info: Setting ccr sub-encoding to TS1/0 on input line 287.
Package textcomp Info: Setting ptm sub-encoding to TS1/4 on input line 288.
Package textcomp Info: Setting pcr sub-encoding to TS1/4 on input line 289.
Package textcomp Info: Setting phv sub-encoding to TS1/4 on input line 290.
Package textcomp Info: Setting ppl sub-encoding to TS1/3 on input line 291.
Package textcomp Info: Setting pag sub-encoding to TS1/4 on input line 292.
Package textcomp Info: Setting pbk sub-encoding to TS1/4 on input line 293.
Package textcomp Info: Setting pnc sub-encoding to TS1/4 on input line 294.
Package textcomp Info: Setting pzc sub-encoding to TS1/4 on input line 295.
Package textcomp Info: Setting bch sub-encoding to TS1/4 on input line 296.
Package textcomp Info: Setting put sub-encoding to TS1/5 on input line 297.
Package textcomp Info: Setting uag sub-encoding to TS1/5 on input line 298.
Package textcomp Info: Setting ugq sub-encoding to TS1/5 on input line 299.
Package textcomp Info: Setting ul8 sub-encoding to TS1/4 on input line 300.
Package textcomp Info: Setting ul9 sub-encoding to TS1/4 on input line 301.
Package textcomp Info: Setting augie sub-encoding to TS1/5 on input line 302.
Package textcomp Info: Setting dayrom sub-encoding to TS1/3 on input line 303.
Package textcomp Info: Setting dayroms sub-encoding to TS1/3 on input line 304.

Package textcomp Info: Setting pxr sub-encoding to TS1/0 on input line 305.
Package textcomp Info: Setting pxss sub-encoding to TS1/0 on input line 306.
Package textcomp Info: Setting pxtt sub-encoding to TS1/0 on input line 307.
Package textcomp Info: Setting txr sub-encoding to TS1/0 on input line 308.
Package textcomp Info: Setting txss sub-encoding to TS1/0 on input line 309.
Package textcomp Info: Setting txtt sub-encoding to TS1/0 on input line 310.
Package textcomp Info: Setting futs sub-encoding to TS1/4 on input line 311.
Package textcomp Info: Setting futx sub-encoding to TS1/4 on input line 312.
Package textcomp Info: Setting futj sub-encoding to TS1/4 on input line 313.
Package textcomp Info: Setting hlh sub-encoding to TS1/3 on input line 314.
Package textcomp Info: Setting hls sub-encoding to TS1/3 on input line 315.
Package textcomp Info: Setting hlst sub-encoding to TS1/3 on input line 316.
Package textcomp Info: Setting hlct sub-encoding to TS1/5 on input line 317.
Package textcomp Info: Setting hlx sub-encoding to TS1/5 on input line 318.
Package textcomp Info: Setting hlce sub-encoding to TS1/5 on input line 319.
Package textcomp Info: Setting hlcn sub-encoding to TS1/5 on input line 320.
Package textcomp Info: Setting hlcw sub-encoding to TS1/5 on input line 321.
Package textcomp Info: Setting hlcf sub-encoding to TS1/5 on input line 322.
Package textcomp Info: Setting pplx sub-encoding to TS1/3 on input line 323.
Package textcomp Info: Setting pplj sub-encoding to TS1/3 on input line 324.
Package textcomp Info: Setting ptmx sub-encoding to TS1/4 on input line 325.
Package textcomp Info: Setting ptmj sub-encoding to TS1/4 on input line 326.
))
(/usr/local/texlive/2010/texmf-dist/tex/latex/natbib/natbib.sty
Package: natbib 2009/11/07 8.31a (PWD, AO)
\bibhang=\skip43
\bibsep=\skip44
LaTeX Info: Redefining \cite on input line 694.
\c@NAT@ctr=\count91
)
\footerskip=\skip45

(/usr/local/texlive/2010/texmf-dist/tex/latex/hyperref/hyperref.sty
Package: hyperref 2010/06/18 v6.81g Hypertext links for LaTeX

(/usr/local/texlive/2010/texmf-dist/tex/generic/oberdiek/ltxcmds.sty
Package: ltxcmds 2010/04/26 v1.7 LaTeX kernel commands for general use (HO)
)
(/usr/local/texlive/2010/texmf-dist/tex/generic/oberdiek/kvsetkeys.sty
Package: kvsetkeys 2010/03/01 v1.9 Key value parser (HO)

(/usr/local/texlive/2010/texmf-dist/tex/generic/oberdiek/infwarerr.sty
Package: infwarerr 2010/04/08 v1.3 Providing info/warning/message (HO)
)
(/usr/local/texlive/2010/texmf-dist/tex/generic/oberdiek/etexcmds.sty
Package: etexcmds 2010/01/28 v1.3 Prefix for e-TeX command names (HO)
Package etexcmds Info: Could not find \expanded.
(etexcmds)             That can mean that you are not using pdfTeX 1.50 or
(etexcmds)             that some package has redefined \expanded.
(etexcmds)             In the latter case, load this package earlier.
))
(/usr/local/texlive/2010/texmf-dist/tex/generic/oberdiek/pdfescape.sty
Package: pdfescape 2010/03/01 v1.9 Provides hex, PDF name and string conversion
s (HO)

(/usr/local/texlive/2010/texmf-dist/tex/generic/oberdiek/pdftexcmds.sty
Package: pdftexcmds 2010/04/01 v0.9 Utility functions of pdfTeX for LuaTeX (HO)


(/usr/local/texlive/2010/texmf-dist/tex/generic/oberdiek/ifluatex.sty
Package: ifluatex 2010/03/01 v1.3 Provides the ifluatex switch (HO)
Package ifluatex Info: LuaTeX not detected.
)
Package pdftexcmds Info: LuaTeX not detected.
Package pdftexcmds Info: \pdf@primitive is available.
Package pdftexcmds Info: \pdf@ifprimitive is available.
))
(/usr/local/texlive/2010/texmf-dist/tex/generic/oberdiek/ifpdf.sty
Package: ifpdf 2010/01/28 v2.1 Provides the ifpdf switch (HO)
Package ifpdf Info: pdfTeX in pdf mode detected.
)
(/usr/local/texlive/2010/texmf-dist/tex/generic/oberdiek/ifvtex.sty
Package: ifvtex 2010/03/01 v1.5 Switches for detecting VTeX and its modes (HO)
Package ifvtex Info: VTeX not detected.
)
(/usr/local/texlive/2010/texmf-dist/tex/generic/ifxetex/ifxetex.sty
Package: ifxetex 2009/01/23 v0.5 Provides ifxetex conditional
)
(/usr/local/texlive/2010/texmf-dist/tex/latex/oberdiek/hycolor.sty
Package: hycolor 2009/12/12 v1.6 Color options of hyperref/bookmark (HO)

(/usr/local/texlive/2010/texmf-dist/tex/latex/oberdiek/xcolor-patch.sty
Package: xcolor-patch 2009/12/12 xcolor patch
))
(/usr/local/texlive/2010/texmf-dist/tex/latex/oberdiek/letltxmacro.sty
Package: letltxmacro 2008/06/24 v1.3 Let assignment for LaTeX macros (HO)
)
\@linkdim=\dimen105
\Hy@linkcounter=\count92
\Hy@pagecounter=\count93

(/usr/local/texlive/2010/texmf-dist/tex/latex/hyperref/pd1enc.def
File: pd1enc.def 2010/06/18 v6.81g Hyperref: PDFDocEncoding definition (HO)
)
(/usr/local/texlive/2010/texmf-dist/tex/generic/oberdiek/intcalc.sty
Package: intcalc 2007/09/27 v1.1 Expandable integer calculations (HO)
)
(/usr/local/texlive/2010/texmf-dist/tex/latex/latexconfig/hyperref.cfg
File: hyperref.cfg 2002/06/06 v1.2 hyperref configuration of TeXLive
)
(/usr/local/texlive/2010/texmf-dist/tex/latex/oberdiek/kvoptions.sty
Package: kvoptions 2010/02/22 v3.7 Keyval support for LaTeX options (HO)
)
Package hyperref Info: Hyper figures OFF on input line 3658.
Package hyperref Info: Link nesting OFF on input line 3663.
Package hyperref Info: Hyper index ON on input line 3666.
Package hyperref Info: Plain pages OFF on input line 3673.
Package hyperref Info: Backreferencing OFF on input line 3678.

Implicit mode ON; LaTeX internals redefined
Package hyperref Info: Bookmarks ON on input line 3874.
(/usr/local/texlive/2010/texmf-dist/tex/latex/url/url.sty
\Urlmuskip=\muskip10
Package: url 2006/04/12  ver 3.3  Verb mode for urls, etc.
)
LaTeX Info: Redefining \url on input line 4159.

(/usr/local/texlive/2010/texmf-dist/tex/generic/oberdiek/bitset.sty
Package: bitset 2007/09/28 v1.0 Data type bit set (HO)

(/usr/local/texlive/2010/texmf-dist/tex/generic/oberdiek/bigintcalc.sty
Package: bigintcalc 2007/11/11 v1.1 Expandable big integer calculations (HO)
))
\Fld@menulength=\count94
\Field@Width=\dimen106
\Fld@charsize=\dimen107
\Field@toks=\toks15
Package hyperref Info: Hyper figures OFF on input line 5137.
Package hyperref Info: Link nesting OFF on input line 5142.
Package hyperref Info: Hyper index ON on input line 5145.
Package hyperref Info: backreferencing OFF on input line 5152.
Package hyperref Info: Link coloring OFF on input line 5157.
Package hyperref Info: Link coloring with OCG OFF on input line 5162.
Package hyperref Info: PDF/A mode OFF on input line 5167.
LaTeX Info: Redefining \ref on input line 5207.
LaTeX Info: Redefining \pageref on input line 5211.

(/usr/local/texlive/2010/texmf-dist/tex/generic/oberdiek/atbegshi.sty
Package: atbegshi 2010/03/25 v1.12 At begin shipout hook (HO)
)
\Hy@abspage=\count95
\c@Item=\count96
\c@Hfootnote=\count97
)
* hyperref using default driver hpdftex *
(/usr/local/texlive/2010/texmf-dist/tex/latex/hyperref/hpdftex.def
File: hpdftex.def 2010/06/18 v6.81g Hyperref driver for pdfTeX

(/usr/local/texlive/2010/texmf-dist/tex/latex/oberdiek/atveryend.sty
Package: atveryend 2010/03/24 v1.5 Hooks at very end of document (HO)
Package atveryend Info: \enddocument detected (standard).
)
\Fld@listcount=\count98
\c@bookmark@seq@number=\count99

(/usr/local/texlive/2010/texmf-dist/tex/latex/oberdiek/rerunfilecheck.sty
Package: rerunfilecheck 2010/03/16 v1.6 Rerun checks for auxiliary files (HO)

(/usr/local/texlive/2010/texmf-dist/tex/generic/oberdiek/uniquecounter.sty
Package: uniquecounter 2009/12/18 v1.1 Provides unlimited unique counter (HO)
)
Package uniquecounter Info: New unique counter `rerunfilecheck' on input line 2
71.
)
\Hy@SectionHShift=\skip46
)
\preXLskip=\skip47
\preLskip=\skip48
\preMskip=\skip49
\preSskip=\skip50
\postMskip=\skip51
\postSskip=\skip52


Package hyperref Warning: Option `hyperindex' has already been used,
(hyperref)                setting the option has no effect on input line 444.

Package hyperref Info: Option `colorlinks' set `true' on input line 444.
Package hyperref Info: Option `linktocpage' set `true' on input line 444.
Package hyperref Info: Option `plainpages' set `false' on input line 444.
) (./Paper.aux)
\openout1 = `Paper.aux'.

LaTeX Font Info:    Checking defaults for OML/cmm/m/it on input line 59.
LaTeX Font Info:    ... okay on input line 59.
LaTeX Font Info:    Checking defaults for T1/cmr/m/n on input line 59.
LaTeX Font Info:    ... okay on input line 59.
LaTeX Font Info:    Checking defaults for OT1/cmr/m/n on input line 59.
LaTeX Font Info:    ... okay on input line 59.
LaTeX Font Info:    Checking defaults for OMS/cmsy/m/n on input line 59.
LaTeX Font Info:    ... okay on input line 59.
LaTeX Font Info:    Checking defaults for OMX/cmex/m/n on input line 59.
LaTeX Font Info:    ... okay on input line 59.
LaTeX Font Info:    Checking defaults for U/cmr/m/n on input line 59.
LaTeX Font Info:    ... okay on input line 59.
LaTeX Font Info:    Checking defaults for TS1/cmr/m/n on input line 59.
LaTeX Font Info:    Try loading font information for TS1+cmr on input line 59.
 (/usr/local/texlive/2010/texmf-dist/tex/latex/base/ts1cmr.fd
File: ts1cmr.fd 1999/05/25 v2.5h Standard LaTeX font definitions
)
LaTeX Font Info:    ... okay on input line 59.
LaTeX Font Info:    Checking defaults for PD1/pdf/m/n on input line 59.
LaTeX Font Info:    ... okay on input line 59.

(/usr/local/texlive/2010/texmf-dist/tex/context/base/supp-pdf.mkii
[Loading MPS to PDF converter (version 2006.09.02).]
\scratchcounter=\count100
\scratchdimen=\dimen108
\scratchbox=\box27
\nofMPsegments=\count101
\nofMParguments=\count102
\everyMPshowfont=\toks16
\MPscratchCnt=\count103
\MPscratchDim=\dimen109
\MPnumerator=\count104
\everyMPtoPDFconversion=\toks17
) (/usr/local/texlive/2010/texmf-dist/tex/latex/oberdiek/epstopdf-base.sty
Package: epstopdf-base 2010/02/09 v2.5 Base part for package epstopdf

(/usr/local/texlive/2010/texmf-dist/tex/latex/oberdiek/grfext.sty
Package: grfext 2007/09/30 v1.0 Managing graphics extensions (HO)
)
Package grfext Info: Graphics extension search list:
(grfext)             [.png,.pdf,.jpg,.mps,.jpeg,.jbig2,.jb2,.PNG,.PDF,.JPG,.JPE
G,.JBIG2,.JB2,.eps]
(grfext)             \AppendGraphicsExtensions on input line 436.

(/usr/local/texlive/2010/texmf-dist/tex/latex/latexconfig/epstopdf-sys.cfg
File: epstopdf-sys.cfg 2010/07/13 v1.3 Configuration of (r)epstopdf for TeX Liv
e
))
\AtBeginShipoutBox=\box28
Package hyperref Info: Link coloring ON on input line 59.

(/usr/local/texlive/2010/texmf-dist/tex/latex/hyperref/nameref.sty
Package: nameref 2010/04/30 v2.40 Cross-referencing by name of section

(/usr/local/texlive/2010/texmf-dist/tex/latex/oberdiek/refcount.sty
Package: refcount 2008/08/11 v3.1 Data extraction from references (HO)
)
(/usr/local/texlive/2010/texmf-dist/tex/generic/oberdiek/gettitlestring.sty
Package: gettitlestring 2009/12/18 v1.3 Cleanup title references (HO)
)
\c@section@level=\count105
)
LaTeX Info: Redefining \ref on input line 59.
LaTeX Info: Redefining \pageref on input line 59.
LaTeX Info: Redefining \nameref on input line 59.

(./Paper.out) (./Paper.out)
\@outlinefile=\write4
\openout4 = `Paper.out'.

 <jsslogo.jpg, id=32, 540.0175pt x 393.47pt>
File: jsslogo.jpg Graphic file (type jpg)

<use jsslogo.jpg>
LaTeX Font Info:    Try loading font information for T1+pzc on input line 59.
 (/usr/local/texlive/2010/texmf-dist/tex/latex/psnfss/t1pzc.fd
File: t1pzc.fd 2001/06/04 font definitions for T1/pzc.
)
LaTeX Font Info:    Font shape `T1/pzc/m/n' in size <28> not available
(Font)              Font shape `T1/pzc/mb/it' tried instead on input line 59.
LaTeX Font Info:    External font `cmex10' loaded for size
(Font)              <10.95> on input line 59.
LaTeX Font Info:    External font `cmex10' loaded for size
(Font)              <8> on input line 59.
LaTeX Font Info:    External font `cmex10' loaded for size
(Font)              <6> on input line 59.
LaTeX Font Info:    Try loading font information for T1+aess on input line 59.
 (/usr/local/texlive/2010/texmf-dist/tex/latex/ae/t1aess.fd
File: t1aess.fd 1997/11/16 Font definitions for T1/aess.
)
Underfull \vbox (badness 2165) has occurred while \output is active []

 [1

{/usr/local/texlive/2010/texmf-var/fonts/map/pdftex/updmap/pdftex.map} <./jsslo
go.jpg>]
LaTeX Font Info:    Try loading font information for TS1+aer on input line 87.

(/Library/Frameworks/R.framework/Resources/share/texmf/tex/latex/ts1aer.fd
File: ts1aer.fd 
)
LaTeX Font Info:    Font shape `TS1/aer/m/n' in size <10.95> not available
(Font)              Font shape `TS1/cmr/m/n' tried instead on input line 87.
LaTeX Font Info:    Try loading font information for T1+aett on input line 98.

(/usr/local/texlive/2010/texmf-dist/tex/latex/ae/t1aett.fd
File: t1aett.fd 1997/11/16 Font definitions for T1/aett.
)
LaTeX Font Info:    Font shape `T1/aer/b/sl' in size <10.95> not available
(Font)              Font shape `T1/aer/bx/sl' tried instead on input line 142.

Overfull \hbox (5.47499pt too wide) has occurred while \output is active
\T1/aer/m/n/10.95 2 []
 []

[2]
Overfull \hbox (33.5818pt too wide) in paragraph at lines 232--232
[]  \T1/aett/m/n/10.95 | Row | opt        | dsname          | n      | np | exc
ess  | time    | reltime|[] 
 []


Overfull \hbox (27.84402pt too wide) in paragraph at lines 232--232
[]  \T1/aett/m/n/10.95 |-----|------------|-----------------|--------|----|----
-----|---------|-------|[] 
 []


Overfull \hbox (39.31958pt too wide) in paragraph at lines 232--232
[]  \T1/aett/m/n/10.95 | 1   | "LD\_CCSAQ" | "Alfalfa"       | 72     | 1  | 0.
0     | 0.0017  | 27.5171|[] 
 []


Overfull \hbox (39.31958pt too wide) in paragraph at lines 232--232
[]  \T1/aett/m/n/10.95 | 2   | "LD\_CCSAQ" | "AvgDailyGain"  | 32     | 1  | 0.
0     | 0.0014  | 13.9236|[] 
 []


Overfull \hbox (39.31958pt too wide) in paragraph at lines 232--232
[]  \T1/aett/m/n/10.95 | 3   | "LD\_CCSAQ" | "AvgDailyGain"  | 32     | 1  | 0.
0     | 0.0014  | 10.8009|[] 
 []


Overfull \hbox (39.31958pt too wide) in paragraph at lines 232--232
[]  \T1/aett/m/n/10.95 | 4   | "LD\_CCSAQ" | "BIB"           | 24     | 1  | 0.
0     | 0.0013  | 11.7005|[] 
 []


Overfull \hbox (5.47499pt too wide) has occurred while \output is active
[] \T1/aer/m/n/10.95 3
 []

[3]
Overfull \hbox (39.31958pt too wide) in paragraph at lines 232--232
[]  \T1/aett/m/n/10.95 | 5   | "LD\_CCSAQ" | "Bond"          | 21     | 1  | 0.
0     | 0.0009  | 13.6969|[] 
 []


Overfull \hbox (33.5818pt too wide) in paragraph at lines 232--232
[]  \T1/aett/m/n/10.95 | 6   | "LD\_CCSAQ" | "bs10"          | 1104   | 20 | 0.
0     | 1.0958  | 12.608|[] 
 []


Overfull \hbox (39.31958pt too wide) in paragraph at lines 232--232
[]  \T1/aett/m/n/10.95 | 7   | "LD\_CCSAQ" | "bs10"          | 1104   | 8  | 39
.9948 | 0.0375  | 23.2699|[] 
 []


Overfull \hbox (39.31958pt too wide) in paragraph at lines 232--232
[]  \T1/aett/m/n/10.95 | 8   | "LD\_CCSAQ" | "cake"          | 270    | 1  | 0.
0     | 0.0033  | 18.8753|[] 
 []


Overfull \hbox (39.31958pt too wide) in paragraph at lines 232--232
[]  \T1/aett/m/n/10.95 | 9   | "LD\_CCSAQ" | "Cultivation"   | 24     | 1  | 0.
0     | 0.0009  | 15.6477|[] 
 []


Overfull \hbox (39.31958pt too wide) in paragraph at lines 232--232
[]  \T1/aett/m/n/10.95 | 10  | "LD\_CCSAQ" | "Demand"        | 77     | 2  | 3.
21928 | 0.0055  | 22.0827|[] 
 []


Overfull \hbox (27.84402pt too wide) in paragraph at lines 232--232
[]  \T1/aett/m/n/10.95 | 11  | "LD\_CCSAQ" | "dialectNL"     | 225866 | 6  | 0.
0     | 6.9896  | 3.942|[] 
 []


Overfull \hbox (27.84402pt too wide) in paragraph at lines 232--232
[]  \T1/aett/m/n/10.95 | 12  | "LD\_CCSAQ" | "Dyestuff2"     | 30     | 1  | 0.
0     | 0.0005  | 0.682|[] 
 []


Overfull \hbox (33.5818pt too wide) in paragraph at lines 232--232
[]  \T1/aett/m/n/10.95 | 13  | "LD\_CCSAQ" | "Dyestuff"      | 30     | 1  | 0.
0     | 0.0008  | 1.0184|[] 
 []


Overfull \hbox (33.5818pt too wide) in paragraph at lines 232--232
[]  \T1/aett/m/n/10.95 | 14  | "LD\_CCSAQ" | "ergoStool"     | 36     | 1  | 0.
0     | 0.0012  | 1.1018|[] 
 []


Overfull \hbox (33.5818pt too wide) in paragraph at lines 232--232
[]  \T1/aett/m/n/10.95 | 15  | "LD\_CCSAQ" | "Exam"          | 4059   | 1  | 0.
0     | 0.0105  | 1.1851|[] 
 []


Overfull \hbox (27.84402pt too wide) in paragraph at lines 232--232
[]  \T1/aett/m/n/10.95 | 16  | "LD\_CCSAQ" | "Exam"          | 4059   | 1  | 0.
0     | 0.0105  | 1.318|[] 
 []


Overfull \hbox (33.5818pt too wide) in paragraph at lines 232--232
[]  \T1/aett/m/n/10.95 | 17  | "LD\_CCSAQ" | "Gasoline"      | 32     | 1  | 0.
0     | 0.0011  | 0.8193|[] 
 []


Overfull \hbox (39.31958pt too wide) in paragraph at lines 232--232
[]  \T1/aett/m/n/10.95 | 18  | "LD\_CCSAQ" | "gb12"          | 225866 | 6  | 0.
0     | 3.5221  | 17.4791|[] 
 []


Overfull \hbox (39.31958pt too wide) in paragraph at lines 232--232
[]  \T1/aett/m/n/10.95 | 19  | "LD\_CCSAQ" | "gb12"          | 512    | 8  | 10
3.176 | 0.0218  | 13.1358|[] 
 []


Overfull \hbox (33.5818pt too wide) in paragraph at lines 232--232
[]  \T1/aett/m/n/10.95 | 20  | "LD\_CCSAQ" | "HR"            | 120    | 3  | 0.
0     | 0.0089  | 8.6481|[] 
 []


Overfull \hbox (33.5818pt too wide) in paragraph at lines 232--232
[]  \T1/aett/m/n/10.95 | 21  | "LD\_CCSAQ" | "Hsb82"         | 7185   | 1  | 19
2.73  | 0.0102  | 3.7438|[] 
 []


Overfull \hbox (33.5818pt too wide) in paragraph at lines 232--232
[]  \T1/aett/m/n/10.95 | 22  | "LD\_CCSAQ" | "IncBlk"        | 24     | 1  | 0.
55726 | 0.001   | 5.0422|[] 
 []


Overfull \hbox (33.5818pt too wide) in paragraph at lines 232--232
[]  \T1/aett/m/n/10.95 | 23  | "LD\_CCSAQ" | "kb07"          | 1790   | 72 | 8.
20739 | 17.4698 | 9.2732|[] 
 []


Overfull \hbox (39.31958pt too wide) in paragraph at lines 232--232
[]  \T1/aett/m/n/10.95 | 24  | "LD\_CCSAQ" | "Mississippi"   | 37     | 1  | 0.
93471 | 0.0006  | 15.9582|[] 
 []


Overfull \hbox (33.5818pt too wide) in paragraph at lines 232--232
[]  \T1/aett/m/n/10.95 | 25  | "LD\_CCSAQ" | "mm0"           | 69588  | 6  | 0.
0     | 4.8286  | 1.1034|[] 
 []


Overfull \hbox (33.5818pt too wide) in paragraph at lines 232--232
[]  \T1/aett/m/n/10.95 | 26  | "LD\_CCSAQ" | "Oxboys"        | 234    | 3  | 13
6.788 | 0.0169  | 5.3039|[] 
 []


Overfull \hbox (33.5818pt too wide) in paragraph at lines 232--232
[]  \T1/aett/m/n/10.95 | 27  | "LD\_CCSAQ" | "PBIB"          | 60     | 1  | 0.
0     | 0.0014  | 8.6177|[] 
 []


Overfull \hbox (39.31958pt too wide) in paragraph at lines 232--232
[]  \T1/aett/m/n/10.95 | 28  | "LD\_CCSAQ" | "Penicillin"    | 144    | 2  | 0.
0     | 0.0131  | 15.3763|[] 
 []


Overfull \hbox (27.84402pt too wide) in paragraph at lines 232--232
[]  \T1/aett/m/n/10.95 | 29  | "LD\_CCSAQ" | "Semiconductor" | 48     | 1  | 0.
0     | 0.0012  | 1.133|[] 
 []


Overfull \hbox (33.5818pt too wide) in paragraph at lines 232--232
[]  \T1/aett/m/n/10.95 | 30  | "LD\_CCSAQ" | "SIMS"          | 3691   | 3  | 3.
60856 | 0.134   | 2.3154|[] 
 []

! Missing $ inserted.
<inserted text> 
                $
l.238 ...me column is the time relative to the LN_
                                                  BOBYQA optimizer in the \p...
I've inserted a begin-math/end-math symbol since I think
you left one out. Proceed, with fingers crossed.

! Missing $ inserted.
<inserted text> 
                $
l.239 
      
I've inserted a begin-math/end-math symbol since I think
you left one out. Proceed, with fingers crossed.


Overfull \hbox (50.79514pt too wide) in paragraph at lines 271--271
[]\T1/aett/m/n/10.95 | Row | opt               | dsname          | n      | np 
| excess | time   | reltime|[] 
 []


Overfull \hbox (33.5818pt too wide) in paragraph at lines 271--271
[]\T1/aett/m/n/10.95 |-----|-------------------|-----------------|--------|----
|--------|--------| ----|[] 
 []


Overfull \hbox (33.5818pt too wide) in paragraph at lines 271--271
[]\T1/aett/m/n/10.95 | 1|"NLOPT\_LN\_BOBYQA" | "Alfalfa"      | 72     | 1  | 0
.0    | 0.042  | 27.5171|[] 
 []


Overfull \hbox (27.84402pt too wide) in paragraph at lines 271--271
[]\T1/aett/m/n/10.95 | 2|"NLOPT\_LN\_BOBYQA" | "Animal"       | 20     | 2  | 0
.0    | 0.023  |13.9236|[] 
 []


Overfull \hbox (27.84402pt too wide) in paragraph at lines 271--271
[]\T1/aett/m/n/10.95 | 3|"NLOPT\_LN\_BOBYQA" | "Assay"        | 60     | 2  | 1
.0e-5 | 0.032  |10.8009|[] 
 []


Overfull \hbox (27.84402pt too wide) in paragraph at lines 271--271
[]\T1/aett/m/n/10.95 | 4|"NLOPT\_LN\_BOBYQA" | "AvgDailyGain" | 32     | 1  | 0
.0    | 0.02   |11.7005|[] 
 []


Overfull \hbox (27.84402pt too wide) in paragraph at lines 271--271
[]\T1/aett/m/n/10.95 | 5|"NLOPT\_LN\_BOBYQA" | "AvgDailyGain" | 32     | 1  | 0
.0    | 0.02   |13.6969|[] 
 []


Overfull \hbox (22.10625pt too wide) in paragraph at lines 271--271
[]\T1/aett/m/n/10.95 | 6|"NLOPT\_LN\_BOBYQA" | "BIB"          | 24     | 1  | 0
.0    | 0.02   |12.608|[] 
 []


Overfull \hbox (22.10625pt too wide) in paragraph at lines 271--271
[]\T1/aett/m/n/10.95 | 7|"NLOPT\_LN\_BOBYQA" | "Bond"         | 21     | 1  | 0
.0    | 0.02   |23.2699[] 
 []


Overfull \hbox (27.84402pt too wide) in paragraph at lines 271--271
[]\T1/aett/m/n/10.95 | 8|"NLOPT\_LN\_BOBYQA" | "bs10"         | 1104   | 20 | 1
.0e-5 | 4.661  |18.8753|[] 
 []


Overfull \hbox (27.84402pt too wide) in paragraph at lines 271--271
[]\T1/aett/m/n/10.95 | 9|"NLOPT\_LN\_BOBYQA" | "bs10"         | 1104   | 8  | 0
.0    | 1.057  |15.6477|[] 
 []


Overfull \hbox (22.10625pt too wide) in paragraph at lines 271--271
[]\T1/aett/m/n/10.95 | 10|"NLOPT\_LN\_BOBYQA" | "cake"        | 270    | 1  | 0
.0    | 0.053  |22.0827[] 
 []


Overfull \hbox (16.36847pt too wide) in paragraph at lines 271--271
[]\T1/aett/m/n/10.95 | 11|"NLOPT\_LN\_BOBYQA" | "Chem97"      | 31022  | 2  | 0
.0    | 0.632  |3.942|[] 
 []


Overfull \hbox (5.47499pt too wide) has occurred while \output is active
\T1/aer/m/n/10.95 4 []
 []

[4]
Overfull \hbox (27.84402pt too wide) in paragraph at lines 271--271
[]\T1/aett/m/n/10.95 | 38|"NLOPT\_LN\_BOBYQA" | "PBIB"        | 60     | 1  | 0
.0    | 0.018  |13.1358|[] 
 []


Overfull \hbox (22.10625pt too wide) in paragraph at lines 271--271
[]\T1/aett/m/n/10.95 | 39|"NLOPT\_LN\_BOBYQA" | "Penicillin"  | 144    | 2  | 0
.0    | 0.023  |8.6481|[] 
 []


Overfull \hbox (22.10625pt too wide) in paragraph at lines 271--271
[]\T1/aett/m/n/10.95 | 40|"NLOPT\_LN\_BOBYQA" | "Poems"       | 275996 | 3  | 0
.0    | 21.309 |3.7438|[] 
 []


Overfull \hbox (22.10625pt too wide) in paragraph at lines 271--271
[]\T1/aett/m/n/10.95 | 41|"NLOPT\_LN\_BOBYQA" | "ScotsSec"    | 3435   | 2  | 0
.0    | 0.076  |5.0422|[] 
 []


Overfull \hbox (22.10625pt too wide) in paragraph at lines 271--271
[]\T1/aett/m/n/10.95 | 42|"NLOPT\_LN\_BOBYQA" | "Semi2"       | 72     | 3  | 0
.0    | 0.03   |9.2732|[] 
 []


Overfull \hbox (33.5818pt too wide) in paragraph at lines 271--271
[]\T1/aett/m/n/10.95 | 43|"NLOPT\_LN\_BOBYQA" | "Semiconductor"| 48     | 1  | 
0.0    | 0.019  |15.9582|[] 
 []


Overfull \hbox (22.10625pt too wide) in paragraph at lines 271--271
[]\T1/aett/m/n/10.95 | 44|"NLOPT\_LN\_BOBYQA" | "SIMS"        | 3691   | 3  | 0
.0    | 0.15   |1.1034|[] 
 []


Overfull \hbox (22.10625pt too wide) in paragraph at lines 271--271
[]\T1/aett/m/n/10.95 | 45|"NLOPT\_LN\_BOBYQA" | "sleepstudy"  | 180    | 3  | 0
.0    | 0.037  |5.3039|[] 
 []


Overfull \hbox (27.84402pt too wide) in paragraph at lines 271--271
[]\T1/aett/m/n/10.95 | 46|"NLOPT\_LN\_BOBYQA" | "sleepstudy"  | 180    | 2  | 0
.0    | 0.024  |15.3763|[] 
 []


Overfull \hbox (16.36847pt too wide) in paragraph at lines 271--271
[]\T1/aett/m/n/10.95 | 47|"NLOPT\_LN\_BOBYQA" | "TeachingII"  | 96     | 1  | 0
.0    | 0.021  |1.133|[] 
 []


Overfull \hbox (22.10625pt too wide) in paragraph at lines 271--271
[]\T1/aett/m/n/10.95 | 48|"NLOPT\_LN\_BOBYQA" | "Weights"     | 399    | 3  | 1
.0e-5 | 0.039  |5.3039|[] 
 []


Overfull \hbox (22.10625pt too wide) in paragraph at lines 271--271
[]\T1/aett/m/n/10.95 | 49|"NLOPT\_LN\_BOBYQA" | "WWheat"      | 60     | 3  | 0
.0    | 0.025  |2.3154|[] 
 []


! LaTeX Error: Undefined color `outcolor'.

See the LaTeX manual or LaTeX Companion for explanation.
Type  H <return>  for immediate help.
 ...                                              
                                                  
l.285 ...Out[{\color{outcolor}4}]:} 49x3 DataFrame
                                                  
You're in trouble here.  Try typing  <return>  to proceed.
If that doesn't work, type  X <return>  to quit.


! LaTeX Error: Undefined color `outcolor'.

See the LaTeX manual or LaTeX Companion for explanation.
Type  H <return>  for immediate help.
 ...                                              
                                                  
l.285 ...Out[{\color{outcolor}4}]:} 49x3 DataFrame
                                                  
You're in trouble here.  Try typing  <return>  to proceed.
If that doesn't work, type  X <return>  to quit.


! LaTeX Error: \begin{Verbatim} on input line 284 ended by \end{verbatim}.

See the LaTeX manual or LaTeX Companion for explanation.
Type  H <return>  for immediate help.
 ...                                              
                                                  
l.299         \end{verbatim}
                            
Your command was ignored.
Type  I <command> <return>  to replace it with another command,
or  <return>  to continue without it.

! Missing } inserted.
<inserted text> 
                }
l.299         \end{verbatim}
                            
I've inserted something that you may have forgotten.
(See the <inserted text> above.)
With luck, this will get me unwedged. But if you
really didn't forget anything, try typing `2' now; then
my insertion and my current dilemma will both disappear.

! Missing } inserted.
<inserted text> 
                }
l.299         \end{verbatim}
                            
I've inserted something that you may have forgotten.
(See the <inserted text> above.)
With luck, this will get me unwedged. But if you
really didn't forget anything, try typing `2' now; then
my insertion and my current dilemma will both disappear.


Underfull \hbox (badness 10000) detected at line 299
       
 []

! Missing } inserted.
<inserted text> 
                }
l.299         \end{verbatim}
                            
I've inserted something that you may have forgotten.
(See the <inserted text> above.)
With luck, this will get me unwedged. But if you
really didn't forget anything, try typing `2' now; then
my insertion and my current dilemma will both disappear.

! Extra }, or forgotten \endgroup.
\FancyVerbFormatLine #1->\FV@ObeyTabs {#1}
                                          
l.299         \end{verbatim}
                            
I've deleted a group-closing symbol because it seems to be
spurious, as in `$x}$'. But perhaps the } is legitimate and
you forgot something else, as in `\hbox{$x}'. In such cases
the way to recover is to insert both the forgotten and the
deleted material, e.g., by typing `I$}'.

! Extra }, or forgotten \endgroup.
\FV@ListProcessLine ...Frame \FV@RightListNumber }
                                                  \hss }
l.299         \end{verbatim}
                            
I've deleted a group-closing symbol because it seems to be
spurious, as in `$x}$'. But perhaps the } is legitimate and
you forgot something else, as in `\hbox{$x}'. In such cases
the way to recover is to insert both the forgotten and the
deleted material, e.g., by typing `I$}'.

! Extra }, or forgotten \endgroup.
\FV@ListProcessLine ...\FV@RightListNumber }\hss }
                                                  
l.299         \end{verbatim}
                            
I've deleted a group-closing symbol because it seems to be
spurious, as in `$x}$'. But perhaps the } is legitimate and
you forgot something else, as in `\hbox{$x}'. In such cases
the way to recover is to insert both the forgotten and the
deleted material, e.g., by typing `I$}'.

Runaway argument?
\vdots \begin {verbatim} | 38 | "LN\_BOBYQA" | "PBIB" | 0.0 | | 39 | \ETC.
! Paragraph ended before \FancyVerbGetLine was complete.
<to be read again> 
                   \par 
l.315 
      
I suspect you've forgotten a `}', causing me to apply this
control sequence to too much text. How can we recover?
My plan is to forget the whole thing and hope for the best.

Runaway argument?
! Paragraph ended before \FV@CheckScan was complete.
<to be read again> 
                   \par 
l.315 
      
I suspect you've forgotten a `}', causing me to apply this
control sequence to too much text. How can we recover?
My plan is to forget the whole thing and hope for the best.

! Infinite glue shrinkage found in a paragraph.
<recently read> \par 
                     
l.315 
      
The paragraph just ended includes some glue that has
infinite shrinkability, e.g., `\hskip 0pt minus 1fil'.
Such glue doesn't belong there---it allows a paragraph
of any length to fit on one line. But it's safe to proceed,
since the offensive shrinkability has been made finite.


Overfull \hbox (5.47499pt too wide) has occurred while \output is active
[] \T1/aer/m/n/10.95 5
 []

[5]
LaTeX Font Info:    Try loading font information for TS1+aett on input line 361
.
 (/Library/Frameworks/R.framework/Resources/share/texmf/tex/latex/ts1aett.fd
File: ts1aett.fd 
)
LaTeX Font Info:    Try loading font information for TS1+cmtt on input line 361
.
 (/usr/local/texlive/2010/texmf-dist/tex/latex/base/ts1cmtt.fd
File: ts1cmtt.fd 1999/05/25 v2.5h Standard LaTeX font definitions
)
LaTeX Font Info:    Font shape `TS1/aett/m/n' in size <10.95> not available
(Font)              Font shape `TS1/cmtt/m/n' tried instead on input line 361.

Overfull \hbox (5.47499pt too wide) has occurred while \output is active
\T1/aer/m/n/10.95 6 []
 []

[6]
Overfull \hbox (5.47499pt too wide) has occurred while \output is active
[] \T1/aer/m/n/10.95 7
 []

[7]
LaTeX Font Info:    Font shape `T1/pzc/m/n' in size <13> not available
(Font)              Font shape `T1/pzc/mb/it' tried instead on input line 446.


! LaTeX Error: \begin{Verbatim} on input line 284 ended by \end{document}.

See the LaTeX manual or LaTeX Companion for explanation.
Type  H <return>  for immediate help.
 ...                                              
                                                  
l.446 \end{document}
                    
Your command was ignored.
Type  I <command> <return>  to replace it with another command,
or  <return>  to continue without it.

Package atveryend Info: Empty hook `BeforeClearDocument' on input line 446.

Overfull \hbox (5.47499pt too wide) has occurred while \output is active
\T1/aer/m/n/10.95 8 []
 []

[8]
Package atveryend Info: Empty hook `AfterLastShipout' on input line 446.
 (./Paper.aux)
Package atveryend Info: Executing hook `AtVeryEndDocument' on input line 446.
Package rerunfilecheck Info: File `Paper.out' has not changed.
(rerunfilecheck)             Checksum: F6C47EB924761064F540CF1FCFB0EBD2;454.
 )
(\end occurred inside a group at level 1)

### semi simple group (level 1) entered at line 284 (\begingroup)
### bottom level 
Here is how much of TeX's memory you used:
 6436 strings out of 493747
 95779 string characters out of 3143546
 185194 words of memory out of 3000000
 9530 multiletter control sequences out of 15000+200000
 52783 words of font info for 91 fonts, out of 3000000 for 9000
 714 hyphenation exceptions out of 8191
 38i,9n,34p,1028b,471s stack positions out of 5000i,500n,10000p,200000b,50000s
{/usr/local/texlive/2010/texmf-dist/fonts/enc/dvips/cm-super/cm
-super-ts1.enc}{/usr/local/texlive/2010/texmf-dist/fonts/enc/dvips/base/8r.enc}
</usr/local/texlive/2010/texmf-dist/fonts/type1/public/amsfonts/cm/cmb10.pfb></
usr/local/texlive/2010/texmf-dist/fonts/type1/public/amsfonts/cm/cmbx10.pfb></u
sr/local/texlive/2010/texmf-dist/fonts/type1/public/amsfonts/cm/cmbx12.pfb></us
r/local/texlive/2010/texmf-dist/fonts/type1/public/amsfonts/cm/cmbxsl10.pfb></u
sr/local/texlive/2010/texmf-dist/fonts/type1/public/amsfonts/cm/cmmi10.pfb></us
r/local/texlive/2010/texmf-dist/fonts/type1/public/amsfonts/cm/cmmi8.pfb></usr/
local/texlive/2010/texmf-dist/fonts/type1/public/amsfonts/cm/cmr10.pfb></usr/lo
cal/texlive/2010/texmf-dist/fonts/type1/public/amsfonts/cm/cmr8.pfb></usr/local
/texlive/2010/texmf-dist/fonts/type1/public/amsfonts/cm/cmsl10.pfb></usr/local/
texlive/2010/texmf-dist/fonts/type1/public/amsfonts/cm/cmsltt10.pfb></usr/local
/texlive/2010/texmf-dist/fonts/type1/public/amsfonts/cm/cmss10.pfb></usr/local/
texlive/2010/texmf-dist/fonts/type1/public/amsfonts/cm/cmsy8.pfb></usr/local/te
xlive/2010/texmf-dist/fonts/type1/public/amsfonts/cm/cmti10.pfb></usr/local/tex
live/2010/texmf-dist/fonts/type1/public/amsfonts/cm/cmtt10.pfb></usr/local/texl
ive/2010/texmf-dist/fonts/type1/public/cm-super/sfrm1095.pfb></usr/local/texliv
e/2010/texmf-dist/fonts/type1/public/cm-super/sftt1095.pfb></usr/local/texlive/
2010/texmf-dist/fonts/type1/urw/zapfchan/uzcmi8a.pfb>
Output written on Paper.pdf (8 pages, 256051 bytes).
PDF statistics:
 164 PDF objects out of 1000 (max. 8388607)
 134 compressed objects within 2 object streams
 23 named destinations out of 1000 (max. 500000)
 62 words of extra memory for PDF output out of 10000 (max. 10000000)

